2025-11-24 14:39:59.196 | INFO     | uvicorn.server:_serve:84 - Started server process [93277]
2025-11-24 14:39:59.196 | INFO     | uvicorn.lifespan.on:startup:48 - Waiting for application startup.
2025-11-24 14:39:59.196 | INFO     | uvicorn.lifespan.on:startup:62 - Application startup complete.
2025-11-24 14:40:08.753 | INFO     | uvicorn.protocols.http.httptools_impl:send:476 - 127.0.0.1:59870 - "GET / HTTP/1.1" 404
2025-11-24 14:40:13.927 | INFO     | uvicorn.protocols.http.httptools_impl:send:476 - 127.0.0.1:59871 - "GET /docs HTTP/1.1" 200
2025-11-24 14:40:13.994 | INFO     | uvicorn.protocols.http.httptools_impl:send:476 - 127.0.0.1:59871 - "GET /openapi.json HTTP/1.1" 200
2025-11-24 14:40:20.214 | INFO     | uvicorn.server:shutdown:264 - Shutting down
2025-11-24 14:40:20.318 | INFO     | uvicorn.lifespan.on:shutdown:67 - Waiting for application shutdown.
2025-11-24 14:40:20.319 | INFO     | uvicorn.lifespan.on:shutdown:76 - Application shutdown complete.
2025-11-24 14:40:20.320 | INFO     | uvicorn.server:_serve:94 - Finished server process [93277]
2025-11-24 14:42:20.408 | INFO     | uvicorn.server:_serve:84 - Started server process [94846]
2025-11-24 14:42:20.408 | INFO     | uvicorn.lifespan.on:startup:48 - Waiting for application startup.
2025-11-24 14:42:20.408 | INFO     | uvicorn.lifespan.on:startup:62 - Application startup complete.
2025-11-24 14:42:22.821 | INFO     | uvicorn.protocols.http.httptools_impl:send:476 - 127.0.0.1:60712 - "GET / HTTP/1.1" 200
2025-11-24 14:42:30.917 | INFO     | uvicorn.server:shutdown:264 - Shutting down
2025-11-24 14:42:31.022 | INFO     | uvicorn.lifespan.on:shutdown:67 - Waiting for application shutdown.
2025-11-24 14:42:31.023 | INFO     | uvicorn.lifespan.on:shutdown:76 - Application shutdown complete.
2025-11-24 15:00:07.050 | INFO     | uvicorn.server:_serve:84 - Started server process [7127]
2025-11-24 15:00:07.050 | INFO     | uvicorn.lifespan.on:startup:48 - Waiting for application startup.
2025-11-24 15:00:07.051 | INFO     | uvicorn.lifespan.on:startup:62 - Application startup complete.
2025-11-24 15:00:08.542 | INFO     | uvicorn.protocols.http.httptools_impl:send:476 - 127.0.0.1:49412 - "GET / HTTP/1.1" 200
2025-11-24 15:00:13.824 | INFO     | uvicorn.server:shutdown:264 - Shutting down
2025-11-24 15:00:13.927 | INFO     | uvicorn.lifespan.on:shutdown:67 - Waiting for application shutdown.
2025-11-24 15:00:13.929 | INFO     | uvicorn.lifespan.on:shutdown:76 - Application shutdown complete.
2025-11-24 15:22:50.978 | INFO     | uvicorn.server:_serve:84 - Started server process [22280]
2025-11-24 15:22:50.978 | INFO     | uvicorn.lifespan.on:startup:48 - Waiting for application startup.
2025-11-24 15:22:50.981 | ERROR    | uvicorn.lifespan.on:send:121 - Traceback (most recent call last):
  File "/Library/Frameworks/Python.framework/Versions/3.12/lib/python3.12/site-packages/starlette/routing.py", line 694, in lifespan
    async with self.lifespan_context(app) as maybe_state:
               ^^^^^^^^^^^^^^^^^^^^^^^^^^
  File "/Library/Frameworks/Python.framework/Versions/3.12/lib/python3.12/contextlib.py", line 210, in __aenter__
    return await anext(self.gen)
           ^^^^^^^^^^^^^^^^^^^^^
  File "/Library/Frameworks/Python.framework/Versions/3.12/lib/python3.12/site-packages/fastapi/routing.py", line 211, in merged_lifespan
    async with original_context(app) as maybe_original_state:
               ^^^^^^^^^^^^^^^^^^^^^
  File "/Library/Frameworks/Python.framework/Versions/3.12/lib/python3.12/contextlib.py", line 212, in __aenter__
    raise RuntimeError("generator didn't yield") from None
RuntimeError: generator didn't yield

2025-11-24 15:22:50.981 | ERROR    | uvicorn.lifespan.on:startup:59 - Application startup failed. Exiting.
2025-11-24 15:24:28.657 | INFO     | uvicorn.server:_serve:84 - Started server process [23548]
2025-11-24 15:24:28.657 | INFO     | uvicorn.lifespan.on:startup:48 - Waiting for application startup.
2025-11-24 15:24:32.039 | INFO     | uvicorn.lifespan.on:startup:62 - Application startup complete.
2025-11-24 15:25:02.591 | INFO     | uvicorn.server:shutdown:264 - Shutting down
2025-11-24 15:25:02.694 | INFO     | uvicorn.lifespan.on:shutdown:67 - Waiting for application shutdown.
2025-11-24 15:25:02.695 | INFO     | uvicorn.lifespan.on:shutdown:76 - Application shutdown complete.
2025-11-24 15:25:03.300 | INFO     | uvicorn.server:_serve:84 - Started server process [23888]
2025-11-24 15:25:03.300 | INFO     | uvicorn.lifespan.on:startup:48 - Waiting for application startup.
2025-11-24 15:25:05.906 | INFO     | uvicorn.lifespan.on:startup:62 - Application startup complete.
2025-11-24 15:26:24.367 | INFO     | uvicorn.server:shutdown:264 - Shutting down
2025-11-24 15:26:24.471 | INFO     | uvicorn.lifespan.on:shutdown:67 - Waiting for application shutdown.
2025-11-24 15:26:27.792 | INFO     | uvicorn.server:_serve:84 - Started server process [24769]
2025-11-24 15:26:27.792 | INFO     | uvicorn.lifespan.on:startup:48 - Waiting for application startup.
2025-11-24 15:26:30.316 | INFO     | uvicorn.lifespan.on:startup:62 - Application startup complete.
2025-11-24 15:27:26.815 | INFO     | uvicorn.server:shutdown:264 - Shutting down
2025-11-24 15:27:26.917 | INFO     | uvicorn.lifespan.on:shutdown:67 - Waiting for application shutdown.
2025-11-24 15:27:26.919 | INFO     | uvicorn.lifespan.on:shutdown:76 - Application shutdown complete.
2025-11-24 15:27:27.547 | INFO     | uvicorn.server:_serve:84 - Started server process [25425]
2025-11-24 15:27:27.547 | INFO     | uvicorn.lifespan.on:startup:48 - Waiting for application startup.
2025-11-24 15:27:30.105 | INFO     | uvicorn.lifespan.on:startup:62 - Application startup complete.
2025-11-24 15:27:30.612 | INFO     | uvicorn.server:shutdown:264 - Shutting down
2025-11-24 15:27:30.715 | INFO     | uvicorn.lifespan.on:shutdown:67 - Waiting for application shutdown.
2025-11-24 15:27:30.718 | INFO     | uvicorn.lifespan.on:shutdown:76 - Application shutdown complete.
2025-11-24 15:31:01.714 | INFO     | uvicorn.server:_serve:84 - Started server process [27922]
2025-11-24 15:31:01.714 | INFO     | uvicorn.lifespan.on:startup:48 - Waiting for application startup.
2025-11-24 15:31:04.815 | INFO     | uvicorn.lifespan.on:startup:62 - Application startup complete.
2025-11-24 15:31:04.843 | INFO     | uvicorn.protocols.http.httptools_impl:send:476 - 127.0.0.1:59074 - "GET / HTTP/1.1" 200
2025-11-24 15:31:12.790 | INFO     | uvicorn.protocols.http.httptools_impl:send:476 - 127.0.0.1:59073 - "GET / HTTP/1.1" 200
2025-11-24 15:31:18.224 | INFO     | uvicorn.protocols.http.httptools_impl:send:476 - 127.0.0.1:59078 - "GET /docs HTTP/1.1" 200
2025-11-24 15:31:18.299 | INFO     | uvicorn.protocols.http.httptools_impl:send:476 - 127.0.0.1:59078 - "GET /openapi.json HTTP/1.1" 200
2025-11-24 15:31:22.623 | INFO     | uvicorn.protocols.http.httptools_impl:send:476 - 127.0.0.1:59078 - "GET /users HTTP/1.1" 200
2025-11-24 15:34:00.803 | INFO     | uvicorn.server:shutdown:264 - Shutting down
2025-11-24 15:34:00.907 | INFO     | uvicorn.lifespan.on:shutdown:67 - Waiting for application shutdown.
2025-11-24 15:34:00.909 | INFO     | uvicorn.lifespan.on:shutdown:76 - Application shutdown complete.
2025-11-24 15:34:00.910 | INFO     | uvicorn.server:_serve:94 - Finished server process [27922]
2025-11-24 15:34:01.540 | INFO     | uvicorn.server:_serve:84 - Started server process [29775]
2025-11-24 15:34:01.541 | INFO     | uvicorn.lifespan.on:startup:48 - Waiting for application startup.
2025-11-24 15:34:03.998 | INFO     | uvicorn.lifespan.on:startup:62 - Application startup complete.
2025-11-24 15:34:52.414 | INFO     | uvicorn.server:shutdown:264 - Shutting down
2025-11-24 15:34:52.516 | INFO     | uvicorn.lifespan.on:shutdown:67 - Waiting for application shutdown.
2025-11-24 15:34:52.519 | INFO     | uvicorn.lifespan.on:shutdown:76 - Application shutdown complete.
2025-11-24 15:34:52.520 | INFO     | uvicorn.server:_serve:94 - Finished server process [29775]
2025-11-24 15:36:03.639 | INFO     | uvicorn.server:_serve:84 - Started server process [31358]
2025-11-24 15:36:03.639 | INFO     | uvicorn.lifespan.on:startup:48 - Waiting for application startup.
2025-11-24 15:36:06.179 | INFO     | uvicorn.lifespan.on:startup:62 - Application startup complete.
2025-11-24 15:36:06.478 | INFO     | uvicorn.protocols.http.httptools_impl:send:476 - 127.0.0.1:60526 - "GET / HTTP/1.1" 200
2025-11-24 15:36:12.710 | INFO     | uvicorn.protocols.http.httptools_impl:send:476 - 127.0.0.1:60525 - "GET /docs HTTP/1.1" 200
2025-11-24 15:36:12.777 | INFO     | uvicorn.protocols.http.httptools_impl:send:476 - 127.0.0.1:60525 - "GET /openapi.json HTTP/1.1" 200
2025-11-24 15:36:18.994 | INFO     | uvicorn.protocols.http.httptools_impl:send:476 - 127.0.0.1:60524 - "GET /users HTTP/1.1" 200
2025-11-24 15:36:27.932 | INFO     | uvicorn.server:shutdown:264 - Shutting down
2025-11-24 15:36:28.035 | INFO     | uvicorn.lifespan.on:shutdown:67 - Waiting for application shutdown.
2025-11-24 15:36:28.038 | INFO     | uvicorn.lifespan.on:shutdown:76 - Application shutdown complete.
2025-11-24 15:42:46.470 | INFO     | uvicorn.server:_serve:84 - Started server process [35877]
2025-11-24 15:42:46.471 | INFO     | uvicorn.lifespan.on:startup:48 - Waiting for application startup.
2025-11-24 15:42:49.373 | INFO     | uvicorn.lifespan.on:startup:62 - Application startup complete.
2025-11-24 15:42:49.430 | INFO     | uvicorn.protocols.http.httptools_impl:send:476 - 127.0.0.1:62864 - "GET / HTTP/1.1" 200
2025-11-24 15:42:51.848 | INFO     | uvicorn.protocols.http.httptools_impl:send:476 - 127.0.0.1:62864 - "GET /docs HTTP/1.1" 200
2025-11-24 15:42:51.898 | INFO     | uvicorn.protocols.http.httptools_impl:send:476 - 127.0.0.1:62864 - "GET /openapi.json HTTP/1.1" 200
2025-11-24 15:42:58.159 | ERROR    | app.core.exceptions:unhandled_exception_handler:79 - Unhandled Exception at /users: Unable to serialize unknown type: <class 'app.models.user.User'>
2025-11-24 15:42:58.160 | INFO     | uvicorn.protocols.http.httptools_impl:send:476 - 127.0.0.1:62858 - "GET /users HTTP/1.1" 500
2025-11-24 15:42:58.160 | ERROR    | uvicorn.protocols.http.httptools_impl:run_asgi:414 - Exception in ASGI application

Traceback (most recent call last):

  File "<string>", line 1, in <module>
  File "/Library/Frameworks/Python.framework/Versions/3.12/lib/python3.12/multiprocessing/spawn.py", line 122, in spawn_main
    exitcode = _main(fd, parent_sentinel)
               │     │   └ 4
               │     └ 7
               └ <function _main at 0x1011f44a0>
  File "/Library/Frameworks/Python.framework/Versions/3.12/lib/python3.12/multiprocessing/spawn.py", line 135, in _main
    return self._bootstrap(parent_sentinel)
           │    │          └ 4
           │    └ <function BaseProcess._bootstrap at 0x1010ef880>
           └ <SpawnProcess name='SpawnProcess-1' parent=35875 started>
  File "/Library/Frameworks/Python.framework/Versions/3.12/lib/python3.12/multiprocessing/process.py", line 314, in _bootstrap
    self.run()
    │    └ <function BaseProcess.run at 0x1010eede0>
    └ <SpawnProcess name='SpawnProcess-1' parent=35875 started>
  File "/Library/Frameworks/Python.framework/Versions/3.12/lib/python3.12/multiprocessing/process.py", line 108, in run
    self._target(*self._args, **self._kwargs)
    │    │        │    │        │    └ {'config': <uvicorn.config.Config object at 0x101cad220>, 'target': <bound method Server.run of <uvicorn.server.Server object...
    │    │        │    │        └ <SpawnProcess name='SpawnProcess-1' parent=35875 started>
    │    │        │    └ ()
    │    │        └ <SpawnProcess name='SpawnProcess-1' parent=35875 started>
    │    └ <function subprocess_started at 0x101d7ed40>
    └ <SpawnProcess name='SpawnProcess-1' parent=35875 started>
  File "/Library/Frameworks/Python.framework/Versions/3.12/lib/python3.12/site-packages/uvicorn/_subprocess.py", line 80, in subprocess_started
    target(sockets=sockets)
    │              └ [<socket.socket fd=3, family=2, type=1, proto=0, laddr=('127.0.0.1', 8001)>]
    └ <bound method Server.run of <uvicorn.server.Server object at 0x1027a26c0>>
  File "/Library/Frameworks/Python.framework/Versions/3.12/lib/python3.12/site-packages/uvicorn/server.py", line 67, in run
    return asyncio_run(self.serve(sockets=sockets), loop_factory=self.config.get_loop_factory())
           │           │    │             │                      │    │      └ <function Config.get_loop_factory at 0x101c8d760>
           │           │    │             │                      │    └ <uvicorn.config.Config object at 0x101cad220>
           │           │    │             │                      └ <uvicorn.server.Server object at 0x1027a26c0>
           │           │    │             └ [<socket.socket fd=3, family=2, type=1, proto=0, laddr=('127.0.0.1', 8001)>]
           │           │    └ <function Server.serve at 0x101d7e0c0>
           │           └ <uvicorn.server.Server object at 0x1027a26c0>
           └ <function run at 0x101319440>
  File "/Library/Frameworks/Python.framework/Versions/3.12/lib/python3.12/asyncio/runners.py", line 195, in run
    return runner.run(main)
           │      │   └ <coroutine object Server.serve at 0x10277cac0>
           │      └ <function Runner.run at 0x101602520>
           └ <asyncio.runners.Runner object at 0x101dc7b00>
  File "/Library/Frameworks/Python.framework/Versions/3.12/lib/python3.12/asyncio/runners.py", line 118, in run
    return self._loop.run_until_complete(task)
           │    │     │                  └ <Task pending name='Task-1' coro=<Server.serve() running at /Library/Frameworks/Python.framework/Versions/3.12/lib/python3.12...
           │    │     └ <cyfunction Loop.run_until_complete at 0x101dbf340>
           │    └ <uvloop.Loop running=True closed=False debug=False>
           └ <asyncio.runners.Runner object at 0x101dc7b00>
> File "/Library/Frameworks/Python.framework/Versions/3.12/lib/python3.12/site-packages/uvicorn/protocols/http/httptools_impl.py", line 409, in run_asgi
    result = await app(  # type: ignore[func-returns-value]
                   └ <uvicorn.middleware.proxy_headers.ProxyHeadersMiddleware object at 0x1027a2f90>
  File "/Library/Frameworks/Python.framework/Versions/3.12/lib/python3.12/site-packages/uvicorn/middleware/proxy_headers.py", line 60, in __call__
    return await self.app(scope, receive, send)
                 │    │   │      │        └ <bound method RequestResponseCycle.send of <uvicorn.protocols.http.httptools_impl.RequestResponseCycle object at 0x10495a240>>
                 │    │   │      └ <bound method RequestResponseCycle.receive of <uvicorn.protocols.http.httptools_impl.RequestResponseCycle object at 0x10495a2...
                 │    │   └ {'type': 'http', 'asgi': {'version': '3.0', 'spec_version': '2.3'}, 'http_version': '1.1', 'server': ('127.0.0.1', 8001), 'cl...
                 │    └ <fastapi.applications.FastAPI object at 0x102b455e0>
                 └ <uvicorn.middleware.proxy_headers.ProxyHeadersMiddleware object at 0x1027a2f90>
  File "/Library/Frameworks/Python.framework/Versions/3.12/lib/python3.12/site-packages/fastapi/applications.py", line 1134, in __call__
    await super().__call__(scope, receive, send)
                           │      │        └ <bound method RequestResponseCycle.send of <uvicorn.protocols.http.httptools_impl.RequestResponseCycle object at 0x10495a240>>
                           │      └ <bound method RequestResponseCycle.receive of <uvicorn.protocols.http.httptools_impl.RequestResponseCycle object at 0x10495a2...
                           └ {'type': 'http', 'asgi': {'version': '3.0', 'spec_version': '2.3'}, 'http_version': '1.1', 'server': ('127.0.0.1', 8001), 'cl...
  File "/Library/Frameworks/Python.framework/Versions/3.12/lib/python3.12/site-packages/starlette/applications.py", line 107, in __call__
    await self.middleware_stack(scope, receive, send)
          │    │                │      │        └ <bound method RequestResponseCycle.send of <uvicorn.protocols.http.httptools_impl.RequestResponseCycle object at 0x10495a240>>
          │    │                │      └ <bound method RequestResponseCycle.receive of <uvicorn.protocols.http.httptools_impl.RequestResponseCycle object at 0x10495a2...
          │    │                └ {'type': 'http', 'asgi': {'version': '3.0', 'spec_version': '2.3'}, 'http_version': '1.1', 'server': ('127.0.0.1', 8001), 'cl...
          │    └ <starlette.middleware.errors.ServerErrorMiddleware object at 0x10454d970>
          └ <fastapi.applications.FastAPI object at 0x102b455e0>
  File "/Library/Frameworks/Python.framework/Versions/3.12/lib/python3.12/site-packages/starlette/middleware/errors.py", line 186, in __call__
    raise exc
  File "/Library/Frameworks/Python.framework/Versions/3.12/lib/python3.12/site-packages/starlette/middleware/errors.py", line 164, in __call__
    await self.app(scope, receive, _send)
          │    │   │      │        └ <function ServerErrorMiddleware.__call__.<locals>._send at 0x10494ef20>
          │    │   │      └ <bound method RequestResponseCycle.receive of <uvicorn.protocols.http.httptools_impl.RequestResponseCycle object at 0x10495a2...
          │    │   └ {'type': 'http', 'asgi': {'version': '3.0', 'spec_version': '2.3'}, 'http_version': '1.1', 'server': ('127.0.0.1', 8001), 'cl...
          │    └ <starlette.middleware.cors.CORSMiddleware object at 0x104959760>
          └ <starlette.middleware.errors.ServerErrorMiddleware object at 0x10454d970>
  File "/Library/Frameworks/Python.framework/Versions/3.12/lib/python3.12/site-packages/starlette/middleware/cors.py", line 85, in __call__
    await self.app(scope, receive, send)
          │    │   │      │        └ <function ServerErrorMiddleware.__call__.<locals>._send at 0x10494ef20>
          │    │   │      └ <bound method RequestResponseCycle.receive of <uvicorn.protocols.http.httptools_impl.RequestResponseCycle object at 0x10495a2...
          │    │   └ {'type': 'http', 'asgi': {'version': '3.0', 'spec_version': '2.3'}, 'http_version': '1.1', 'server': ('127.0.0.1', 8001), 'cl...
          │    └ <starlette.middleware.exceptions.ExceptionMiddleware object at 0x104959790>
          └ <starlette.middleware.cors.CORSMiddleware object at 0x104959760>
  File "/Library/Frameworks/Python.framework/Versions/3.12/lib/python3.12/site-packages/starlette/middleware/exceptions.py", line 63, in __call__
    await wrap_app_handling_exceptions(self.app, conn)(scope, receive, send)
          │                            │    │    │     │      │        └ <function ServerErrorMiddleware.__call__.<locals>._send at 0x10494ef20>
          │                            │    │    │     │      └ <bound method RequestResponseCycle.receive of <uvicorn.protocols.http.httptools_impl.RequestResponseCycle object at 0x10495a2...
          │                            │    │    │     └ {'type': 'http', 'asgi': {'version': '3.0', 'spec_version': '2.3'}, 'http_version': '1.1', 'server': ('127.0.0.1', 8001), 'cl...
          │                            │    │    └ <starlette.requests.Request object at 0x10495a5d0>
          │                            │    └ <fastapi.middleware.asyncexitstack.AsyncExitStackMiddleware object at 0x1049597f0>
          │                            └ <starlette.middleware.exceptions.ExceptionMiddleware object at 0x104959790>
          └ <function wrap_app_handling_exceptions at 0x1038b28e0>
  File "/Library/Frameworks/Python.framework/Versions/3.12/lib/python3.12/site-packages/starlette/_exception_handler.py", line 53, in wrapped_app
    raise exc
  File "/Library/Frameworks/Python.framework/Versions/3.12/lib/python3.12/site-packages/starlette/_exception_handler.py", line 42, in wrapped_app
    await app(scope, receive, sender)
          │   │      │        └ <function wrap_app_handling_exceptions.<locals>.wrapped_app.<locals>.sender at 0x10494fe20>
          │   │      └ <bound method RequestResponseCycle.receive of <uvicorn.protocols.http.httptools_impl.RequestResponseCycle object at 0x10495a2...
          │   └ {'type': 'http', 'asgi': {'version': '3.0', 'spec_version': '2.3'}, 'http_version': '1.1', 'server': ('127.0.0.1', 8001), 'cl...
          └ <fastapi.middleware.asyncexitstack.AsyncExitStackMiddleware object at 0x1049597f0>
  File "/Library/Frameworks/Python.framework/Versions/3.12/lib/python3.12/site-packages/fastapi/middleware/asyncexitstack.py", line 18, in __call__
    await self.app(scope, receive, send)
          │    │   │      │        └ <function wrap_app_handling_exceptions.<locals>.wrapped_app.<locals>.sender at 0x10494fe20>
          │    │   │      └ <bound method RequestResponseCycle.receive of <uvicorn.protocols.http.httptools_impl.RequestResponseCycle object at 0x10495a2...
          │    │   └ {'type': 'http', 'asgi': {'version': '3.0', 'spec_version': '2.3'}, 'http_version': '1.1', 'server': ('127.0.0.1', 8001), 'cl...
          │    └ <fastapi.routing.APIRouter object at 0x104937890>
          └ <fastapi.middleware.asyncexitstack.AsyncExitStackMiddleware object at 0x1049597f0>
  File "/Library/Frameworks/Python.framework/Versions/3.12/lib/python3.12/site-packages/starlette/routing.py", line 716, in __call__
    await self.middleware_stack(scope, receive, send)
          │    │                │      │        └ <function wrap_app_handling_exceptions.<locals>.wrapped_app.<locals>.sender at 0x10494fe20>
          │    │                │      └ <bound method RequestResponseCycle.receive of <uvicorn.protocols.http.httptools_impl.RequestResponseCycle object at 0x10495a2...
          │    │                └ {'type': 'http', 'asgi': {'version': '3.0', 'spec_version': '2.3'}, 'http_version': '1.1', 'server': ('127.0.0.1', 8001), 'cl...
          │    └ <bound method Router.app of <fastapi.routing.APIRouter object at 0x104937890>>
          └ <fastapi.routing.APIRouter object at 0x104937890>
  File "/Library/Frameworks/Python.framework/Versions/3.12/lib/python3.12/site-packages/starlette/routing.py", line 736, in app
    await route.handle(scope, receive, send)
          │     │      │      │        └ <function wrap_app_handling_exceptions.<locals>.wrapped_app.<locals>.sender at 0x10494fe20>
          │     │      │      └ <bound method RequestResponseCycle.receive of <uvicorn.protocols.http.httptools_impl.RequestResponseCycle object at 0x10495a2...
          │     │      └ {'type': 'http', 'asgi': {'version': '3.0', 'spec_version': '2.3'}, 'http_version': '1.1', 'server': ('127.0.0.1', 8001), 'cl...
          │     └ <function Route.handle at 0x1038b3ec0>
          └ APIRoute(path='/users', name='list_users', methods=['GET'])
  File "/Library/Frameworks/Python.framework/Versions/3.12/lib/python3.12/site-packages/starlette/routing.py", line 290, in handle
    await self.app(scope, receive, send)
          │    │   │      │        └ <function wrap_app_handling_exceptions.<locals>.wrapped_app.<locals>.sender at 0x10494fe20>
          │    │   │      └ <bound method RequestResponseCycle.receive of <uvicorn.protocols.http.httptools_impl.RequestResponseCycle object at 0x10495a2...
          │    │   └ {'type': 'http', 'asgi': {'version': '3.0', 'spec_version': '2.3'}, 'http_version': '1.1', 'server': ('127.0.0.1', 8001), 'cl...
          │    └ <function request_response.<locals>.app at 0x10494e020>
          └ APIRoute(path='/users', name='list_users', methods=['GET'])
  File "/Library/Frameworks/Python.framework/Versions/3.12/lib/python3.12/site-packages/fastapi/routing.py", line 125, in app
    await wrap_app_handling_exceptions(app, request)(scope, receive, send)
          │                            │    │        │      │        └ <function wrap_app_handling_exceptions.<locals>.wrapped_app.<locals>.sender at 0x10494fe20>
          │                            │    │        │      └ <bound method RequestResponseCycle.receive of <uvicorn.protocols.http.httptools_impl.RequestResponseCycle object at 0x10495a2...
          │                            │    │        └ {'type': 'http', 'asgi': {'version': '3.0', 'spec_version': '2.3'}, 'http_version': '1.1', 'server': ('127.0.0.1', 8001), 'cl...
          │                            │    └ <starlette.requests.Request object at 0x10495a270>
          │                            └ <function request_response.<locals>.app.<locals>.app at 0x10494fec0>
          └ <function wrap_app_handling_exceptions at 0x1038b28e0>
  File "/Library/Frameworks/Python.framework/Versions/3.12/lib/python3.12/site-packages/starlette/_exception_handler.py", line 53, in wrapped_app
    raise exc
  File "/Library/Frameworks/Python.framework/Versions/3.12/lib/python3.12/site-packages/starlette/_exception_handler.py", line 42, in wrapped_app
    await app(scope, receive, sender)
          │   │      │        └ <function wrap_app_handling_exceptions.<locals>.wrapped_app.<locals>.sender at 0x104ab8040>
          │   │      └ <bound method RequestResponseCycle.receive of <uvicorn.protocols.http.httptools_impl.RequestResponseCycle object at 0x10495a2...
          │   └ {'type': 'http', 'asgi': {'version': '3.0', 'spec_version': '2.3'}, 'http_version': '1.1', 'server': ('127.0.0.1', 8001), 'cl...
          └ <function request_response.<locals>.app.<locals>.app at 0x10494fec0>
  File "/Library/Frameworks/Python.framework/Versions/3.12/lib/python3.12/site-packages/fastapi/routing.py", line 111, in app
    response = await f(request)
                     │ └ <starlette.requests.Request object at 0x10495a270>
                     └ <function get_request_handler.<locals>.app at 0x10494df80>
  File "/Library/Frameworks/Python.framework/Versions/3.12/lib/python3.12/site-packages/fastapi/routing.py", line 413, in app
    content = await serialize_response(
                    └ <function serialize_response at 0x1038d9d00>
  File "/Library/Frameworks/Python.framework/Versions/3.12/lib/python3.12/site-packages/fastapi/routing.py", line 279, in serialize_response
    return jsonable_encoder(response_content)
           │                └ Response(success=True, code=0, message='success', result=[<app.models.user.User object at 0x104b1c170>], timestamp=1763970166...
           └ <function jsonable_encoder at 0x1038b1f80>
  File "/Library/Frameworks/Python.framework/Versions/3.12/lib/python3.12/site-packages/fastapi/encoders.py", line 231, in jsonable_encoder
    obj_dict = _model_dump(
               └ <function _model_dump at 0x10325ed40>
  File "/Library/Frameworks/Python.framework/Versions/3.12/lib/python3.12/site-packages/fastapi/_compat/main.py", line 95, in _model_dump
    return v2._model_dump(model, mode=mode, **kwargs)
           │  │           │           │       └ {'include': None, 'exclude': None, 'by_alias': True, 'exclude_unset': False, 'exclude_none': False, 'exclude_defaults': False}
           │  │           │           └ 'json'
           │  │           └ Response(success=True, code=0, message='success', result=[<app.models.user.User object at 0x104b1c170>], timestamp=1763970166...
           │  └ <function _model_dump at 0x10325dda0>
           └ <module 'fastapi._compat.v2' from '/Library/Frameworks/Python.framework/Versions/3.12/lib/python3.12/site-packages/fastapi/_c...
  File "/Library/Frameworks/Python.framework/Versions/3.12/lib/python3.12/site-packages/fastapi/_compat/v2.py", line 167, in _model_dump
    return model.model_dump(mode=mode, **kwargs)
           │     │               │       └ {'include': None, 'exclude': None, 'by_alias': True, 'exclude_unset': False, 'exclude_none': False, 'exclude_defaults': False}
           │     │               └ 'json'
           │     └ <function BaseModel.model_dump at 0x10308f600>
           └ Response(success=True, code=0, message='success', result=[<app.models.user.User object at 0x104b1c170>], timestamp=1763970166...
  File "/Library/Frameworks/Python.framework/Versions/3.12/lib/python3.12/site-packages/pydantic/main.py", line 464, in model_dump
    return self.__pydantic_serializer__.to_python(
           │    │                       └ <method 'to_python' of 'pydantic_core._pydantic_core.SchemaSerializer' objects>
           │    └ SchemaSerializer(serializer=Model(
           │          ModelSerializer {
           │              class: Py(
           │                  0x000000011dfb2ac0,
           │              ),
           │            ...
           └ Response(success=True, code=0, message='success', result=[<app.models.user.User object at 0x104b1c170>], timestamp=1763970166...

pydantic_core._pydantic_core.PydanticSerializationError: Unable to serialize unknown type: <class 'app.models.user.User'>
2025-11-24 15:43:26.597 | INFO     | uvicorn.server:shutdown:264 - Shutting down
2025-11-24 15:43:26.701 | INFO     | uvicorn.lifespan.on:shutdown:67 - Waiting for application shutdown.
2025-11-24 15:45:46.173 | INFO     | uvicorn.server:_serve:84 - Started server process [37921]
2025-11-24 15:45:46.174 | INFO     | uvicorn.lifespan.on:startup:48 - Waiting for application startup.
2025-11-24 15:45:49.136 | INFO     | uvicorn.lifespan.on:startup:62 - Application startup complete.
2025-11-24 15:45:51.472 | INFO     | uvicorn.protocols.http.httptools_impl:send:476 - 127.0.0.1:63740 - "GET /users HTTP/1.1" 200
2025-11-24 15:46:01.794 | INFO     | uvicorn.server:shutdown:264 - Shutting down
2025-11-24 15:46:01.896 | INFO     | uvicorn.lifespan.on:shutdown:67 - Waiting for application shutdown.
2025-11-24 15:46:01.898 | INFO     | uvicorn.lifespan.on:shutdown:76 - Application shutdown complete.
2025-11-24 15:46:01.898 | INFO     | uvicorn.server:_serve:94 - Finished server process [37921]
